<?xml version="1.0" encoding="UTF-8"?>
<testng-results skipped="0" failed="0" ignored="0" total="2" passed="2">
  <reporter-output>
  </reporter-output>
  <suite name="Default suite" duration-ms="18019" started-at="2018-03-23T02:04:40Z" finished-at="2018-03-23T02:04:58Z">
    <groups>
    </groups>
    <test name="Default test" duration-ms="18019" started-at="2018-03-23T02:04:40Z" finished-at="2018-03-23T02:04:58Z">
      <class name="wolters.Controllers.Sample">
        <test-method status="PASS" signature="Login()[pri:1, instance:wolters.Controllers.Sample@74e28667]" name="Login" duration-ms="11173" started-at="2018-03-23T02:04:40Z" finished-at="2018-03-23T02:04:51Z">
          <reporter-output>
          </reporter-output>
        </test-method> <!-- Login -->
        <test-method status="PASS" signature="submitpreclearReq()[pri:2, instance:wolters.Controllers.Sample@74e28667]" name="submitpreclearReq" duration-ms="6750" started-at="2018-03-23T02:04:51Z" finished-at="2018-03-23T02:04:58Z">
          <reporter-output>
          </reporter-output>
        </test-method> <!-- submitpreclearReq -->
        <test-method status="PASS" signature="closeBrowser()[pri:0, instance:wolters.Controllers.Sample@74e28667]" name="closeBrowser" is-config="true" duration-ms="4" started-at="2018-03-23T02:04:58Z" finished-at="2018-03-23T02:04:58Z">
          <reporter-output>
          </reporter-output>
        </test-method> <!-- closeBrowser -->
      </class> <!-- wolters.Controllers.Sample -->
    </test> <!-- Default test -->
  </suite> <!-- Default suite -->
</testng-results>
